CRITICAL - 2024-07-06 10:03:58 --> opendir(/home/u695808356/domains/etic-system.online/public_html/public/Archivos_ETIC/inspecciones/3500/Imagenes): Failed to open directory: No such file or directory
#0 [internal function]: CodeIgniter\Debug\Exceptions->errorHandler()
#1 /home/u695808356/domains/etic-system.online/public_html/app/Controllers/Inventarios.php(918): opendir()
#2 /home/u695808356/domains/etic-system.online/public_html/system/CodeIgniter.php(824): App\Controllers\Inventarios->explorarArchivos()
#3 /home/u695808356/domains/etic-system.online/public_html/system/CodeIgniter.php(410): CodeIgniter\CodeIgniter->runController()
#4 /home/u695808356/domains/etic-system.online/public_html/system/CodeIgniter.php(318): CodeIgniter\CodeIgniter->handleRequest()
#5 /home/u695808356/domains/etic-system.online/public_html/index.php(37): CodeIgniter\CodeIgniter->run()
#6 {main}
CRITICAL - 2024-07-06 10:04:30 --> opendir(/home/u695808356/domains/etic-system.online/public_html/public/Archivos_ETIC/inspecciones/3500/Imagenes): Failed to open directory: No such file or directory
#0 [internal function]: CodeIgniter\Debug\Exceptions->errorHandler()
#1 /home/u695808356/domains/etic-system.online/public_html/app/Controllers/Inventarios.php(918): opendir()
#2 /home/u695808356/domains/etic-system.online/public_html/system/CodeIgniter.php(824): App\Controllers\Inventarios->explorarArchivos()
#3 /home/u695808356/domains/etic-system.online/public_html/system/CodeIgniter.php(410): CodeIgniter\CodeIgniter->runController()
#4 /home/u695808356/domains/etic-system.online/public_html/system/CodeIgniter.php(318): CodeIgniter\CodeIgniter->handleRequest()
#5 /home/u695808356/domains/etic-system.online/public_html/index.php(37): CodeIgniter\CodeIgniter->run()
#6 {main}
CRITICAL - 2024-07-06 10:35:22 --> opendir(/home/u695808356/domains/etic-system.online/public_html/public/Archivos_ETIC/inspecciones/3500/Imagenes): Failed to open directory: No such file or directory
#0 [internal function]: CodeIgniter\Debug\Exceptions->errorHandler()
#1 /home/u695808356/domains/etic-system.online/public_html/app/Controllers/Inventarios.php(918): opendir()
#2 /home/u695808356/domains/etic-system.online/public_html/system/CodeIgniter.php(824): App\Controllers\Inventarios->explorarArchivos()
#3 /home/u695808356/domains/etic-system.online/public_html/system/CodeIgniter.php(410): CodeIgniter\CodeIgniter->runController()
#4 /home/u695808356/domains/etic-system.online/public_html/system/CodeIgniter.php(318): CodeIgniter\CodeIgniter->handleRequest()
#5 /home/u695808356/domains/etic-system.online/public_html/index.php(37): CodeIgniter\CodeIgniter->run()
#6 {main}
