CRITICAL - 2024-05-04 13:44:42 --> Cache unable to write to /home/u695808356/domains/etic-system.online/public_html/writable/cache/.
#0 /home/u695808356/domains/etic-system.online/public_html/system/Cache/Handlers/FileHandler.php(61): CodeIgniter\Cache\Exceptions\CacheException::forUnableToWrite()
#1 /home/u695808356/domains/etic-system.online/public_html/system/Cache/CacheFactory.php(60): CodeIgniter\Cache\Handlers\FileHandler->__construct()
#2 /home/u695808356/domains/etic-system.online/public_html/system/Config/Services.php(106): CodeIgniter\Cache\CacheFactory::getHandler()
#3 /home/u695808356/domains/etic-system.online/public_html/system/Config/BaseService.php(248): CodeIgniter\Config\Services::cache()
#4 /home/u695808356/domains/etic-system.online/public_html/system/Config/BaseService.php(189): CodeIgniter\Config\BaseService::__callStatic()
#5 /home/u695808356/domains/etic-system.online/public_html/system/Config/Services.php(101): CodeIgniter\Config\BaseService::getSharedInstance()
#6 /home/u695808356/domains/etic-system.online/public_html/system/Config/BaseService.php(248): CodeIgniter\Config\Services::cache()
#7 /home/u695808356/domains/etic-system.online/public_html/system/Common.php(67): CodeIgniter\Config\BaseService::__callStatic()
#8 /home/u695808356/domains/etic-system.online/public_html/system/CodeIgniter.php(596): cache()
#9 /home/u695808356/domains/etic-system.online/public_html/system/CodeIgniter.php(305): CodeIgniter\CodeIgniter->displayCache()
#10 /home/u695808356/domains/etic-system.online/public_html/index.php(37): CodeIgniter\CodeIgniter->run()
#11 {main}
CRITICAL - 2024-05-04 13:44:42 --> Cache unable to write to /home/u695808356/domains/etic-system.online/public_html/writable/cache/.
#0 /home/u695808356/domains/etic-system.online/public_html/system/Cache/Handlers/FileHandler.php(61): CodeIgniter\Cache\Exceptions\CacheException::forUnableToWrite()
#1 /home/u695808356/domains/etic-system.online/public_html/system/Cache/CacheFactory.php(60): CodeIgniter\Cache\Handlers\FileHandler->__construct()
#2 /home/u695808356/domains/etic-system.online/public_html/system/Config/Services.php(106): CodeIgniter\Cache\CacheFactory::getHandler()
#3 /home/u695808356/domains/etic-system.online/public_html/system/Config/BaseService.php(248): CodeIgniter\Config\Services::cache()
#4 /home/u695808356/domains/etic-system.online/public_html/system/Config/BaseService.php(189): CodeIgniter\Config\BaseService::__callStatic()
#5 /home/u695808356/domains/etic-system.online/public_html/system/Config/Services.php(101): CodeIgniter\Config\BaseService::getSharedInstance()
#6 /home/u695808356/domains/etic-system.online/public_html/system/Config/BaseService.php(248): CodeIgniter\Config\Services::cache()
#7 /home/u695808356/domains/etic-system.online/public_html/system/Common.php(67): CodeIgniter\Config\BaseService::__callStatic()
#8 /home/u695808356/domains/etic-system.online/public_html/system/CodeIgniter.php(596): cache()
#9 /home/u695808356/domains/etic-system.online/public_html/system/CodeIgniter.php(305): CodeIgniter\CodeIgniter->displayCache()
#10 /home/u695808356/domains/etic-system.online/public_html/index.php(37): CodeIgniter\CodeIgniter->run()
#11 {main}
CRITICAL - 2024-05-04 13:44:53 --> Cache unable to write to /home/u695808356/domains/etic-system.online/public_html/writable/cache/.
#0 /home/u695808356/domains/etic-system.online/public_html/system/Cache/Handlers/FileHandler.php(61): CodeIgniter\Cache\Exceptions\CacheException::forUnableToWrite()
#1 /home/u695808356/domains/etic-system.online/public_html/system/Cache/CacheFactory.php(60): CodeIgniter\Cache\Handlers\FileHandler->__construct()
#2 /home/u695808356/domains/etic-system.online/public_html/system/Config/Services.php(106): CodeIgniter\Cache\CacheFactory::getHandler()
#3 /home/u695808356/domains/etic-system.online/public_html/system/Config/BaseService.php(248): CodeIgniter\Config\Services::cache()
#4 /home/u695808356/domains/etic-system.online/public_html/system/Config/BaseService.php(189): CodeIgniter\Config\BaseService::__callStatic()
#5 /home/u695808356/domains/etic-system.online/public_html/system/Config/Services.php(101): CodeIgniter\Config\BaseService::getSharedInstance()
#6 /home/u695808356/domains/etic-system.online/public_html/system/Config/BaseService.php(248): CodeIgniter\Config\Services::cache()
#7 /home/u695808356/domains/etic-system.online/public_html/system/Common.php(67): CodeIgniter\Config\BaseService::__callStatic()
#8 /home/u695808356/domains/etic-system.online/public_html/system/CodeIgniter.php(596): cache()
#9 /home/u695808356/domains/etic-system.online/public_html/system/CodeIgniter.php(305): CodeIgniter\CodeIgniter->displayCache()
#10 /home/u695808356/domains/etic-system.online/public_html/index.php(37): CodeIgniter\CodeIgniter->run()
#11 {main}
